  main.cpp
C:\Users\nikit\source\repos\SFML1\main.cpp(24,87): warning C4244: аргумент: преобразование "T" в "T", возможна потеря данных
          with
          [
              T=unsigned int
          ]
          and
          [
              T=float
          ]
C:\Users\nikit\source\repos\SFML1\main.cpp(24,63): warning C4244: аргумент: преобразование "T" в "T", возможна потеря данных
          with
          [
              T=unsigned int
          ]
          and
          [
              T=float
          ]
C:\Users\nikit\source\repos\SFML1\main.cpp(24,142): warning C4244: аргумент: преобразование "T" в "T", возможна потеря данных
          with
          [
              T=unsigned int
          ]
          and
          [
              T=float
          ]
C:\Users\nikit\source\repos\SFML1\main.cpp(24,122): warning C4244: аргумент: преобразование "T" в "T", возможна потеря данных
          with
          [
              T=unsigned int
          ]
          and
          [
              T=float
          ]
  Создание кода
  0 of 28 functions ( 0.0%) were compiled, the rest were copied from previous compilation.
    0 functions were new in current compilation
    0 functions had inline decision re-evaluated but remain unchanged
  Создание кода завершено
  SFML1.vcxproj -> C:\Users\nikit\source\repos\SFML1\x64\Release\SFML1.exe
